<?xml version="1.0" encoding="UTF-8"?>
<testng-results skipped="0" failed="0" ignored="0" total="3" passed="3">
  <reporter-output>
  </reporter-output>
  <suite name="Suite" duration-ms="217" started-at="2023-05-16T00:08:19 IST" finished-at="2023-05-16T00:08:19 IST">
    <groups>
    </groups>
    <test name="Test" duration-ms="217" started-at="2023-05-16T00:08:19 IST" finished-at="2023-05-16T00:08:19 IST">
      <class name="p.xyz">
        <test-method status="PASS" signature="ourTest1()[pri:0, instance:p.xyz@57e1b0c]" name="ourTest1" duration-ms="24" started-at="2023-05-16T00:08:19 IST" finished-at="2023-05-16T00:08:19 IST">
          <reporter-output>
          </reporter-output>
        </test-method> <!-- ourTest1 -->
        <test-method status="PASS" signature="ourTest2()[pri:0, instance:p.xyz@57e1b0c]" name="ourTest2" duration-ms="13" started-at="2023-05-16T00:08:19 IST" finished-at="2023-05-16T00:08:19 IST">
          <reporter-output>
          </reporter-output>
        </test-method> <!-- ourTest2 -->
        <test-method status="PASS" signature="ourTest3()[pri:0, instance:p.xyz@57e1b0c]" name="ourTest3" duration-ms="10" started-at="2023-05-16T00:08:19 IST" finished-at="2023-05-16T00:08:19 IST">
          <reporter-output>
          </reporter-output>
        </test-method> <!-- ourTest3 -->
      </class> <!-- p.xyz -->
    </test> <!-- Test -->
  </suite> <!-- Suite -->
</testng-results>
